**********************
Windows PowerShell transcript start
Start time: 20260515170142
Username: DESKTOP-2JAU5BG\Ali D
RunAs User: DESKTOP-2JAU5BG\Ali D
Configuration Name: 
Machine: DESKTOP-2JAU5BG (Microsoft Windows NT 10.0.26200.0)
Host Application: C:\WINDOWS\System32\WindowsPowerShell\v1.0\powershell.exe -NoProfile -ExecutionPolicy Bypass -File C:\Users\Ali D\Documents\ML\scripts\run_binning_tuning.ps1
Process ID: 11260
PSVersion: 5.1.26100.8457
PSEdition: Desktop
PSCompatibleVersions: 1.0, 2.0, 3.0, 4.0, 5.0, 5.1.26100.8457
BuildVersion: 10.0.26100.8457
CLRVersion: 4.0.30319.42000
WSManStackVersion: 3.0
PSRemotingProtocolVersion: 2.3
SerializationVersion: 1.1.0.1
**********************

==========================================================================================
  Binning sweep setup
==========================================================================================
Participants: P01, P02, P03, P05, P06, P07, P08, P10, P11, P12, P13, P14, P15, P19, P23, P24, P25, P30, P35, P39
Resource posture: --n-jobs -3 --parallel-participants -3
Resume mode: False
Transcript: C:\Users\Ali D\Documents\ML\outputs\logs\binning_tuning_20260515_170142.log

==========================================================================================
  Riemannian comparator / late_cnv
==========================================================================================


==========================================================================================
  Riemannian comparator / full_cnv
==========================================================================================


==========================================================================================
  Feature build / late_cnv / rich_mean_0125
==========================================================================================


==========================================================================================
  Train xgb / late_cnv / rich_mean_0125
==========================================================================================


==========================================================================================
  Train svm / late_cnv / rich_mean_0125
==========================================================================================


==========================================================================================
  Train logistic / late_cnv / rich_mean_0125
==========================================================================================


==========================================================================================
  Report: late_cnv / rich_mean_0125
==========================================================================================


==========================================================================================
  Feature build / full_cnv / rich_mean_0125
==========================================================================================


==========================================================================================
  Train xgb / full_cnv / rich_mean_0125
==========================================================================================


==========================================================================================
  Train svm / full_cnv / rich_mean_0125
==========================================================================================


==========================================================================================
  Train logistic / full_cnv / rich_mean_0125
==========================================================================================


==========================================================================================
  Report: full_cnv / rich_mean_0125
==========================================================================================


==========================================================================================
  Feature build / late_cnv / stats_0125
==========================================================================================


==========================================================================================
  Train xgb / late_cnv / stats_0125
==========================================================================================


==========================================================================================
  Train svm / late_cnv / stats_0125
==========================================================================================


==========================================================================================
  Train logistic / late_cnv / stats_0125
==========================================================================================


==========================================================================================
  Report: late_cnv / stats_0125
==========================================================================================


==========================================================================================
  Feature build / late_cnv / pyramid_mean_core
==========================================================================================


==========================================================================================
  Train xgb / late_cnv / pyramid_mean_core
==========================================================================================


==========================================================================================
  Train svm / late_cnv / pyramid_mean_core
==========================================================================================


==========================================================================================
  Train logistic / late_cnv / pyramid_mean_core
==========================================================================================


==========================================================================================
  Report: late_cnv / pyramid_mean_core
==========================================================================================


==========================================================================================
  Feature build / late_cnv / pyramid_mean_fine
==========================================================================================


==========================================================================================
  Train xgb / late_cnv / pyramid_mean_fine
==========================================================================================


==========================================================================================
  Train svm / late_cnv / pyramid_mean_fine
==========================================================================================


==========================================================================================
  Train logistic / late_cnv / pyramid_mean_fine
==========================================================================================


==========================================================================================
  Report: late_cnv / pyramid_mean_fine
==========================================================================================


==========================================================================================
  Feature build / late_cnv / stats_pyramid_core
==========================================================================================


==========================================================================================
  Train xgb / late_cnv / stats_pyramid_core
==========================================================================================


==========================================================================================
  Train svm / late_cnv / stats_pyramid_core
==========================================================================================


==========================================================================================
  Train logistic / late_cnv / stats_pyramid_core
==========================================================================================


==========================================================================================
  Report: late_cnv / stats_pyramid_core
==========================================================================================


==========================================================================================
  Feature build / full_cnv / stats_pyramid_core
==========================================================================================


==========================================================================================
  Train xgb / full_cnv / stats_pyramid_core
==========================================================================================

WARNING: Train xgb / full_cnv / stats_pyramid_core exited with code 1 -- continuing.

==========================================================================================
  Train svm / full_cnv / stats_pyramid_core
==========================================================================================


==========================================================================================
  Train logistic / full_cnv / stats_pyramid_core
==========================================================================================

WARNING: Train logistic / full_cnv / stats_pyramid_core exited with code 1 -- continuing.

==========================================================================================
  Report: full_cnv / stats_pyramid_core
==========================================================================================


==========================================================================================
  Binning sweep complete
==========================================================================================
Elapsed: 1.04:06:02.1935455
Reports: outputs/screening/binning_*.md
Transcript: C:\Users\Ali D\Documents\ML\outputs\logs\binning_tuning_20260515_170142.log
**********************
Windows PowerShell transcript end
End time: 20260516210744
**********************
